2016-09-14T09:40:17 Checking update-file '/usr/share/kde4/apps/kconf_update/kcmdisplayrc.upd' for new updates
2016-09-14T09:40:17 kcmdisplayrc.upd: Found new update 'kde3'
2016-09-14T09:40:17 Checking update-file '/usr/share/kde4/apps/kconf_update/konqsidebartng.upd' for new updates
2016-09-14T09:40:17 konqsidebartng.upd: Found new update 'konqsidebartng_rc'
2016-09-14T09:40:17 konqsidebartng.upd: Found new update 'konqsidebartng_entries'
2016-09-14T09:40:17 konqsidebartng.upd: Running script 'move_konqsidebartng_entries.sh'
2016-09-14T09:40:17 Checking update-file '/usr/share/kde4/apps/kconf_update/mailtransports.upd' for new updates
2016-09-14T09:40:17 mailtransports.upd: Found new update 'initial-kmail-migration'
2016-09-14T09:40:17 mailtransports.upd: File 'kmailrc' does not exist or empty, skipping
2016-09-14T09:40:17 mailtransports.upd: Found new update 'initial-knode-migration'
2016-09-14T09:40:17 mailtransports.upd: File 'knoderc' does not exist or empty, skipping
2016-09-14T09:40:17 Checking update-file '/usr/share/kde4/apps/kconf_update/kpat_update_cardwidth.upd' for new updates
2016-09-14T09:40:17 kpat_update_cardwidth.upd: Found new update 'kpat_cardwidth_update.kde41'
2016-09-14T09:40:17 kpat_update_cardwidth.upd: File 'kpatrc' does not exist or empty, skipping
2016-09-14T09:40:17 Checking update-file '/usr/share/kde4/apps/kconf_update/ksmserver.upd' for new updates
2016-09-14T09:40:17 ksmserver.upd: Found new update 'kde3'
2016-09-14T09:40:17 ksmserver.upd: File 'ksmserverrc' does not exist or empty, skipping
2016-09-14T09:40:18 Checking update-file '/usr/share/kde4/apps/kconf_update/kwin_window_shortcuts.upd' for new updates
2016-09-14T09:40:18 kwin_window_shortcuts.upd: Found new update 'kde414'
2016-09-14T09:40:18 kwin_window_shortcuts.upd: File 'kglobalshortcutsrc' does not exist or empty, skipping
2016-09-14T09:40:18 Checking update-file '/usr/share/kde4/apps/kconf_update/kopete-initialstatus.upd' for new updates
2016-09-14T09:40:18 kopete-initialstatus.upd: Found new update 'kopete0.60.80/r1'
2016-09-14T09:40:18 kopete-initialstatus.upd: Running script 'kopete-initialstatus.pl'
2016-09-14T09:40:18 kopete-initialstatus.upd: Script removes kopeterc:Behavior:autoConnect
2016-09-14T09:40:18 kopete-initialstatus.upd: Skipping kopeterc:KopeteChatWindowGroupMode:Height 1024, already exists.
2016-09-14T09:40:18 kopete-initialstatus.upd: Skipping kopeterc:KopeteChatWindowGroupMode:Height 1050, already exists.
2016-09-14T09:40:18 kopete-initialstatus.upd: Skipping kopeterc:KopeteChatWindowGroupMode:Height 1200, already exists.
2016-09-14T09:40:18 kopete-initialstatus.upd: Skipping kopeterc:KopeteChatWindowGroupMode:Height 480, already exists.
2016-09-14T09:40:18 kopete-initialstatus.upd: Skipping kopeterc:KopeteChatWindowGroupMode:Height 600, already exists.
2016-09-14T09:40:18 kopete-initialstatus.upd: Skipping kopeterc:KopeteChatWindowGroupMode:Height 768, already exists.
2016-09-14T09:40:18 kopete-initialstatus.upd: Skipping kopeterc:KopeteChatWindowGroupMode:Height 800, already exists.
2016-09-14T09:40:18 kopete-initialstatus.upd: Skipping kopeterc:KopeteChatWindowGroupMode:Width 1024, already exists.
2016-09-14T09:40:18 kopete-initialstatus.upd: Skipping kopeterc:KopeteChatWindowGroupMode:Width 1280, already exists.
2016-09-14T09:40:18 kopete-initialstatus.upd: Skipping kopeterc:KopeteChatWindowGroupMode:Width 1400, already exists.
2016-09-14T09:40:18 kopete-initialstatus.upd: Skipping kopeterc:KopeteChatWindowGroupMode:Width 1450, already exists.
2016-09-14T09:40:18 kopete-initialstatus.upd: Skipping kopeterc:KopeteChatWindowGroupMode:Width 1600, already exists.
2016-09-14T09:40:18 kopete-initialstatus.upd: Skipping kopeterc:KopeteChatWindowGroupMode:Width 1900, already exists.
2016-09-14T09:40:18 kopete-initialstatus.upd: Skipping kopeterc:KopeteChatWindowGroupMode:Width 800, already exists.
2016-09-14T09:40:18 kopete-initialstatus.upd: Skipping kopeterc:KopeteChatWindowIndividualMode:Height 1024, already exists.
2016-09-14T09:40:18 kopete-initialstatus.upd: Skipping kopeterc:KopeteChatWindowIndividualMode:Height 1050, already exists.
2016-09-14T09:40:18 kopete-initialstatus.upd: Skipping kopeterc:KopeteChatWindowIndividualMode:Height 1200, already exists.
2016-09-14T09:40:18 kopete-initialstatus.upd: Skipping kopeterc:KopeteChatWindowIndividualMode:Height 480, already exists.
2016-09-14T09:40:18 kopete-initialstatus.upd: Skipping kopeterc:KopeteChatWindowIndividualMode:Height 600, already exists.
2016-09-14T09:40:18 kopete-initialstatus.upd: Skipping kopeterc:KopeteChatWindowIndividualMode:Height 768, already exists.
2016-09-14T09:40:18 kopete-initialstatus.upd: Skipping kopeterc:KopeteChatWindowIndividualMode:Height 800, already exists.
2016-09-14T09:40:18 kopete-initialstatus.upd: Skipping kopeterc:KopeteChatWindowIndividualMode:Width 1024, already exists.
2016-09-14T09:40:18 kopete-initialstatus.upd: Skipping kopeterc:KopeteChatWindowIndividualMode:Width 1280, already exists.
2016-09-14T09:40:18 kopete-initialstatus.upd: Skipping kopeterc:KopeteChatWindowIndividualMode:Width 1400, already exists.
2016-09-14T09:40:18 kopete-initialstatus.upd: Skipping kopeterc:KopeteChatWindowIndividualMode:Width 1450, already exists.
2016-09-14T09:40:18 kopete-initialstatus.upd: Skipping kopeterc:KopeteChatWindowIndividualMode:Width 1600, already exists.
2016-09-14T09:40:18 kopete-initialstatus.upd: Skipping kopeterc:KopeteChatWindowIndividualMode:Width 1900, already exists.
2016-09-14T09:40:18 kopete-initialstatus.upd: Skipping kopeterc:KopeteChatWindowIndividualMode:Width 800, already exists.
2016-09-14T09:40:18 Checking update-file '/usr/share/kde4/apps/kconf_update/kwin3_plugin.upd' for new updates
2016-09-14T09:40:18 kwin3_plugin.upd: Found new update 'kde3.2'
2016-09-14T09:40:18 kwin3_plugin.upd: Running script 'kwin3_plugin.pl'
2016-09-14T09:40:18 kwin3_plugin.upd: Updating kwinrc:Compositing:Enabled to 'false'
2016-09-14T09:40:18 kwin3_plugin.upd: Updating kwinrc:Windows:AutoRaise to 'off'
2016-09-14T09:40:18 kwin3_plugin.upd: Updating kwinrc:Windows:AutoRaiseInterval to '0'
2016-09-14T09:40:18 kwin3_plugin.upd: Updating kwinrc:Windows:BorderSnapZone to '10'
2016-09-14T09:40:18 kwin3_plugin.upd: Updating kwinrc:Windows:ClickRaise to 'on'
2016-09-14T09:40:18 kwin3_plugin.upd: Updating kwinrc:Windows:FocusPolicy to 'ClickToFocus'
2016-09-14T09:40:18 kwin3_plugin.upd: Updating kwinrc:Windows:MoveMode to 'Opaque'
2016-09-14T09:40:18 kwin3_plugin.upd: Updating kwinrc:Windows:ResizeMode to 'Opaque'
2016-09-14T09:40:18 kwin3_plugin.upd: Updating kwinrc:Windows:WindowSnapZone to '10'
2016-09-14T09:40:18 kwin3_plugin.upd: Updating kwinrc:Windows:WindowsPlacement to 'Smart'
2016-09-14T09:40:18 kwin3_plugin.upd: Updating kwinrc:Style:PluginLib to 'kwin3_oxygen'
2016-09-14T09:40:18 kwin3_plugin.upd: Updating kwinrc:Style:ShowToolTips to 'true'
2016-09-14T09:40:18 Checking update-file '/usr/share/kde4/apps/kconf_update/devicepreference.upd' for new updates
2016-09-14T09:40:18 devicepreference.upd: Found new update 'DevicesMovedToPlatformPlugin'
2016-09-14T09:40:18 devicepreference.upd: Running script 'phonon_devicepreference_update'
2016-09-14T09:40:18 devicepreference.upd: Found new update 'DevicesUIDsChanged'
2016-09-14T09:40:18 devicepreference.upd: Running script 'phonon_deviceuids_update'
2016-09-14T09:40:18 Checking update-file '/usr/share/kde4/apps/kconf_update/kopete-update_yahoo_server.upd' for new updates
2016-09-14T09:40:18 kopete-update_yahoo_server.upd: Found new update 'kopete-update-yahoo-server/r1'
2016-09-14T09:40:18 kopete-update_yahoo_server.upd: Running script 'kopete-update_yahoo_server.pl'
2016-09-14T09:40:18 kopete-update_yahoo_server.upd: Updating kopeterc:KopeteChatWindowGroupMode:Height 1024 to '400'
2016-09-14T09:40:18 kopete-update_yahoo_server.upd: Updating kopeterc:KopeteChatWindowGroupMode:Height 1050 to '400'
2016-09-14T09:40:18 kopete-update_yahoo_server.upd: Updating kopeterc:KopeteChatWindowGroupMode:Height 1200 to '400'
2016-09-14T09:40:18 kopete-update_yahoo_server.upd: Updating kopeterc:KopeteChatWindowGroupMode:Height 480 to '400'
2016-09-14T09:40:18 kopete-update_yahoo_server.upd: Updating kopeterc:KopeteChatWindowGroupMode:Height 600 to '400'
2016-09-14T09:40:18 kopete-update_yahoo_server.upd: Updating kopeterc:KopeteChatWindowGroupMode:Height 768 to '400'
2016-09-14T09:40:18 kopete-update_yahoo_server.upd: Updating kopeterc:KopeteChatWindowGroupMode:Height 800 to '400'
2016-09-14T09:40:18 kopete-update_yahoo_server.upd: Updating kopeterc:KopeteChatWindowGroupMode:Width 1024 to '650'
2016-09-14T09:40:18 kopete-update_yahoo_server.upd: Updating kopeterc:KopeteChatWindowGroupMode:Width 1280 to '650'
2016-09-14T09:40:18 kopete-update_yahoo_server.upd: Updating kopeterc:KopeteChatWindowGroupMode:Width 1400 to '650'
2016-09-14T09:40:18 kopete-update_yahoo_server.upd: Updating kopeterc:KopeteChatWindowGroupMode:Width 1450 to '650'
2016-09-14T09:40:18 kopete-update_yahoo_server.upd: Updating kopeterc:KopeteChatWindowGroupMode:Width 1600 to '650'
2016-09-14T09:40:18 kopete-update_yahoo_server.upd: Updating kopeterc:KopeteChatWindowGroupMode:Width 1900 to '650'
2016-09-14T09:40:18 kopete-update_yahoo_server.upd: Updating kopeterc:KopeteChatWindowGroupMode:Width 800 to '650'
2016-09-14T09:40:18 kopete-update_yahoo_server.upd: Updating kopeterc:KopeteChatWindowIndividualMode:Height 1024 to '400'
2016-09-14T09:40:18 kopete-update_yahoo_server.upd: Updating kopeterc:KopeteChatWindowIndividualMode:Height 1050 to '400'
2016-09-14T09:40:18 kopete-update_yahoo_server.upd: Updating kopeterc:KopeteChatWindowIndividualMode:Height 1200 to '400'
2016-09-14T09:40:18 kopete-update_yahoo_server.upd: Updating kopeterc:KopeteChatWindowIndividualMode:Height 480 to '300'
2016-09-14T09:40:18 kopete-update_yahoo_server.upd: Updating kopeterc:KopeteChatWindowIndividualMode:Height 600 to '400'
2016-09-14T09:40:18 kopete-update_yahoo_server.upd: Updating kopeterc:KopeteChatWindowIndividualMode:Height 768 to '400'
2016-09-14T09:40:18 kopete-update_yahoo_server.upd: Updating kopeterc:KopeteChatWindowIndividualMode:Height 800 to '400'
2016-09-14T09:40:18 kopete-update_yahoo_server.upd: Updating kopeterc:KopeteChatWindowIndividualMode:Width 1024 to '400'
2016-09-14T09:40:18 kopete-update_yahoo_server.upd: Updating kopeterc:KopeteChatWindowIndividualMode:Width 1280 to '400'
2016-09-14T09:40:18 kopete-update_yahoo_server.upd: Updating kopeterc:KopeteChatWindowIndividualMode:Width 1400 to '400'
2016-09-14T09:40:18 kopete-update_yahoo_server.upd: Updating kopeterc:KopeteChatWindowIndividualMode:Width 1450 to '400'
2016-09-14T09:40:18 kopete-update_yahoo_server.upd: Updating kopeterc:KopeteChatWindowIndividualMode:Width 1600 to '400'
2016-09-14T09:40:18 kopete-update_yahoo_server.upd: Updating kopeterc:KopeteChatWindowIndividualMode:Width 1900 to '400'
2016-09-14T09:40:18 kopete-update_yahoo_server.upd: Updating kopeterc:KopeteChatWindowIndividualMode:Width 800 to '400'
2016-09-14T09:40:18 Checking update-file '/usr/share/kde4/apps/kconf_update/kwiniconify.upd' for new updates
2016-09-14T09:40:18 kwiniconify.upd: Found new update 'iconifyupd3.1'
2016-09-14T09:40:18 kwiniconify.upd: File 'kwin.eventsrc' does not exist or empty, skipping
2016-09-14T09:40:18 Checking update-file '/usr/share/kde4/apps/kconf_update/kwin_on_off.upd' for new updates
2016-09-14T09:40:18 kwin_on_off.upd: Found new update 'kwin_on_off'
2016-09-14T09:40:18 kwin_on_off.upd: Running script 'on-off_to_true-false.sh'
2016-09-14T09:40:18 Checking update-file '/usr/share/kde4/apps/kconf_update/kcookiescfg.upd' for new updates
2016-09-14T09:40:18 kcookiescfg.upd: Found new update 'kde2.2/b1'
2016-09-14T09:40:18 kcookiescfg.upd: File 'kcookiejarrc' does not exist or empty, skipping
2016-09-14T09:40:18 kcookiescfg.upd: Found new update 'kde3.1/cvs'
2016-09-14T09:40:18 kcookiescfg.upd: File 'kcookiejarrc' does not exist or empty, skipping
2016-09-14T09:40:18 Checking update-file '/usr/share/kde4/apps/kconf_update/plasma_popupapplet_fix_groups.upd' for new updates
2016-09-14T09:40:18 plasma_popupapplet_fix_groups.upd: Found new update 'PlasmaPopupAppletFixGroups1'
2016-09-14T09:40:18 plasma_popupapplet_fix_groups.upd: File 'plasma-appletsrc' does not exist or empty, skipping
2016-09-14T09:40:18 plasma_popupapplet_fix_groups.upd: Found new update 'PlasmaPopupAppletFixGroups2'
2016-09-14T09:40:18 plasma_popupapplet_fix_groups.upd: Running script 'plasma_popupapplet_fix_groups.pl'
2016-09-14T09:40:18 plasma_popupapplet_fix_groups.upd: Found new update 'PlasmaPopupAppletFixGroups3'
2016-09-14T09:40:18 plasma_popupapplet_fix_groups.upd: File 'plasmoidviewer-appletsrc' does not exist or empty, skipping
2016-09-14T09:40:18 Checking update-file '/usr/share/kde4/apps/kconf_update/kwin_fsp_workarounds_1.upd' for new updates
2016-09-14T09:40:18 kwin_fsp_workarounds_1.upd: Found new update 'kde351'
2016-09-14T09:40:18 kwin_fsp_workarounds_1.upd: Running script 'kwin_update_default_rules' with arguments 'fsp_workarounds_1.kwinrules'
2016-09-14T09:40:18 Checking update-file '/usr/share/kde4/apps/kconf_update/kopete-jabberproxytype-kconf_update.upd' for new updates
2016-09-14T09:40:18 kopete-jabberproxytype-kconf_update.upd: Found new update 'kopete0.9/r1'
2016-09-14T09:40:18 kopete-jabberproxytype-kconf_update.upd: Running script 'kopete-jabberproxytype-kconf_update.sh'
2016-09-14T09:40:18 kopete-jabberproxytype-kconf_update.upd: Skipping kopeterc:KopeteChatWindowGroupMode:Height 1024, already exists.
2016-09-14T09:40:18 kopete-jabberproxytype-kconf_update.upd: Skipping kopeterc:KopeteChatWindowGroupMode:Height 1050, already exists.
2016-09-14T09:40:18 kopete-jabberproxytype-kconf_update.upd: Skipping kopeterc:KopeteChatWindowGroupMode:Height 1200, already exists.
2016-09-14T09:40:18 kopete-jabberproxytype-kconf_update.upd: Skipping kopeterc:KopeteChatWindowGroupMode:Height 480, already exists.
2016-09-14T09:40:18 kopete-jabberproxytype-kconf_update.upd: Skipping kopeterc:KopeteChatWindowGroupMode:Height 600, already exists.
2016-09-14T09:40:18 kopete-jabberproxytype-kconf_update.upd: Skipping kopeterc:KopeteChatWindowGroupMode:Height 768, already exists.
2016-09-14T09:40:18 kopete-jabberproxytype-kconf_update.upd: Skipping kopeterc:KopeteChatWindowGroupMode:Height 800, already exists.
2016-09-14T09:40:18 kopete-jabberproxytype-kconf_update.upd: Skipping kopeterc:KopeteChatWindowGroupMode:Width 1024, already exists.
2016-09-14T09:40:18 kopete-jabberproxytype-kconf_update.upd: Skipping kopeterc:KopeteChatWindowGroupMode:Width 1280, already exists.
2016-09-14T09:40:18 kopete-jabberproxytype-kconf_update.upd: Skipping kopeterc:KopeteChatWindowGroupMode:Width 1400, already exists.
2016-09-14T09:40:18 kopete-jabberproxytype-kconf_update.upd: Skipping kopeterc:KopeteChatWindowGroupMode:Width 1450, already exists.
2016-09-14T09:40:18 kopete-jabberproxytype-kconf_update.upd: Skipping kopeterc:KopeteChatWindowGroupMode:Width 1600, already exists.
2016-09-14T09:40:18 kopete-jabberproxytype-kconf_update.upd: Skipping kopeterc:KopeteChatWindowGroupMode:Width 1900, already exists.
2016-09-14T09:40:18 kopete-jabberproxytype-kconf_update.upd: Skipping kopeterc:KopeteChatWindowGroupMode:Width 800, already exists.
2016-09-14T09:40:18 kopete-jabberproxytype-kconf_update.upd: Skipping kopeterc:KopeteChatWindowIndividualMode:Height 1024, already exists.
2016-09-14T09:40:18 kopete-jabberproxytype-kconf_update.upd: Skipping kopeterc:KopeteChatWindowIndividualMode:Height 1050, already exists.
2016-09-14T09:40:18 kopete-jabberproxytype-kconf_update.upd: Skipping kopeterc:KopeteChatWindowIndividualMode:Height 1200, already exists.
2016-09-14T09:40:18 kopete-jabberproxytype-kconf_update.upd: Skipping kopeterc:KopeteChatWindowIndividualMode:Height 480, already exists.
2016-09-14T09:40:18 kopete-jabberproxytype-kconf_update.upd: Skipping kopeterc:KopeteChatWindowIndividualMode:Height 600, already exists.
2016-09-14T09:40:18 kopete-jabberproxytype-kconf_update.upd: Skipping kopeterc:KopeteChatWindowIndividualMode:Height 768, already exists.
2016-09-14T09:40:18 kopete-jabberproxytype-kconf_update.upd: Skipping kopeterc:KopeteChatWindowIndividualMode:Height 800, already exists.
2016-09-14T09:40:18 kopete-jabberproxytype-kconf_update.upd: Skipping kopeterc:KopeteChatWindowIndividualMode:Width 1024, already exists.
2016-09-14T09:40:18 kopete-jabberproxytype-kconf_update.upd: Skipping kopeterc:KopeteChatWindowIndividualMode:Width 1280, already exists.
2016-09-14T09:40:18 kopete-jabberproxytype-kconf_update.upd: Skipping kopeterc:KopeteChatWindowIndividualMode:Width 1400, already exists.
2016-09-14T09:40:18 kopete-jabberproxytype-kconf_update.upd: Skipping kopeterc:KopeteChatWindowIndividualMode:Width 1450, already exists.
2016-09-14T09:40:18 kopete-jabberproxytype-kconf_update.upd: Skipping kopeterc:KopeteChatWindowIndividualMode:Width 1600, already exists.
2016-09-14T09:40:18 kopete-jabberproxytype-kconf_update.upd: Skipping kopeterc:KopeteChatWindowIndividualMode:Width 1900, already exists.
2016-09-14T09:40:18 kopete-jabberproxytype-kconf_update.upd: Skipping kopeterc:KopeteChatWindowIndividualMode:Width 800, already exists.
2016-09-14T09:40:18 Checking update-file '/usr/share/kde4/apps/kconf_update/kcmcddb-emailsettings.upd' for new updates
2016-09-14T09:40:18 kcmcddb-emailsettings.upd: Found new update 'kcmcddb_emailsettings'
2016-09-14T09:40:18 kcmcddb-emailsettings.upd: File 'kcmcddbrc' does not exist or empty, skipping
2016-09-14T09:40:18 Checking update-file '/usr/share/kde4/apps/kconf_update/kopete-pluginloader.upd' for new updates
2016-09-14T09:40:18 kopete-pluginloader.upd: Found new update 'kopete0.7/r1'
2016-09-14T09:40:18 kopete-pluginloader.upd: Running script 'kopete-pluginloader.pl'
2016-09-14T09:40:18 kopete-pluginloader.upd: Script removes kopeterc::Modules
2016-09-14T09:40:18 Checking update-file '/usr/share/kde4/apps/kconf_update/mouse_cursor_theme.upd' for new updates
2016-09-14T09:40:18 mouse_cursor_theme.upd: Found new update 'kde3.4.99'
2016-09-14T09:40:18 Checking update-file '/usr/share/kde4/apps/kconf_update/kopete-jabberpriorityaddition-kconf_update.upd' for new updates
2016-09-14T09:40:18 kopete-jabberpriorityaddition-kconf_update.upd: Found new update 'kopete0.9/r1'
2016-09-14T09:40:18 kopete-jabberpriorityaddition-kconf_update.upd: Running script 'kopete-jabberpriorityaddition-kconf_update.sh'
2016-09-14T09:40:18 kopete-jabberpriorityaddition-kconf_update.upd: Skipping kopeterc:KopeteChatWindowGroupMode:Height 1024, already exists.
2016-09-14T09:40:18 kopete-jabberpriorityaddition-kconf_update.upd: Skipping kopeterc:KopeteChatWindowGroupMode:Height 1050, already exists.
2016-09-14T09:40:18 kopete-jabberpriorityaddition-kconf_update.upd: Skipping kopeterc:KopeteChatWindowGroupMode:Height 1200, already exists.
2016-09-14T09:40:18 kopete-jabberpriorityaddition-kconf_update.upd: Skipping kopeterc:KopeteChatWindowGroupMode:Height 480, already exists.
2016-09-14T09:40:18 kopete-jabberpriorityaddition-kconf_update.upd: Skipping kopeterc:KopeteChatWindowGroupMode:Height 600, already exists.
2016-09-14T09:40:18 kopete-jabberpriorityaddition-kconf_update.upd: Skipping kopeterc:KopeteChatWindowGroupMode:Height 768, already exists.
2016-09-14T09:40:18 kopete-jabberpriorityaddition-kconf_update.upd: Skipping kopeterc:KopeteChatWindowGroupMode:Height 800, already exists.
2016-09-14T09:40:18 kopete-jabberpriorityaddition-kconf_update.upd: Skipping kopeterc:KopeteChatWindowGroupMode:Width 1024, already exists.
2016-09-14T09:40:18 kopete-jabberpriorityaddition-kconf_update.upd: Skipping kopeterc:KopeteChatWindowGroupMode:Width 1280, already exists.
2016-09-14T09:40:18 kopete-jabberpriorityaddition-kconf_update.upd: Skipping kopeterc:KopeteChatWindowGroupMode:Width 1400, already exists.
2016-09-14T09:40:18 kopete-jabberpriorityaddition-kconf_update.upd: Skipping kopeterc:KopeteChatWindowGroupMode:Width 1450, already exists.
2016-09-14T09:40:18 kopete-jabberpriorityaddition-kconf_update.upd: Skipping kopeterc:KopeteChatWindowGroupMode:Width 1600, already exists.
2016-09-14T09:40:18 kopete-jabberpriorityaddition-kconf_update.upd: Skipping kopeterc:KopeteChatWindowGroupMode:Width 1900, already exists.
2016-09-14T09:40:18 kopete-jabberpriorityaddition-kconf_update.upd: Skipping kopeterc:KopeteChatWindowGroupMode:Width 800, already exists.
2016-09-14T09:40:18 kopete-jabberpriorityaddition-kconf_update.upd: Skipping kopeterc:KopeteChatWindowIndividualMode:Height 1024, already exists.
2016-09-14T09:40:18 kopete-jabberpriorityaddition-kconf_update.upd: Skipping kopeterc:KopeteChatWindowIndividualMode:Height 1050, already exists.
2016-09-14T09:40:18 kopete-jabberpriorityaddition-kconf_update.upd: Skipping kopeterc:KopeteChatWindowIndividualMode:Height 1200, already exists.
2016-09-14T09:40:18 kopete-jabberpriorityaddition-kconf_update.upd: Skipping kopeterc:KopeteChatWindowIndividualMode:Height 480, already exists.
2016-09-14T09:40:18 kopete-jabberpriorityaddition-kconf_update.upd: Skipping kopeterc:KopeteChatWindowIndividualMode:Height 600, already exists.
2016-09-14T09:40:18 kopete-jabberpriorityaddition-kconf_update.upd: Skipping kopeterc:KopeteChatWindowIndividualMode:Height 768, already exists.
2016-09-14T09:40:18 kopete-jabberpriorityaddition-kconf_update.upd: Skipping kopeterc:KopeteChatWindowIndividualMode:Height 800, already exists.
2016-09-14T09:40:18 kopete-jabberpriorityaddition-kconf_update.upd: Skipping kopeterc:KopeteChatWindowIndividualMode:Width 1024, already exists.
2016-09-14T09:40:18 kopete-jabberpriorityaddition-kconf_update.upd: Skipping kopeterc:KopeteChatWindowIndividualMode:Width 1280, already exists.
2016-09-14T09:40:18 kopete-jabberpriorityaddition-kconf_update.upd: Skipping kopeterc:KopeteChatWindowIndividualMode:Width 1400, already exists.
2016-09-14T09:40:18 kopete-jabberpriorityaddition-kconf_update.upd: Skipping kopeterc:KopeteChatWindowIndividualMode:Width 1450, already exists.
2016-09-14T09:40:18 kopete-jabberpriorityaddition-kconf_update.upd: Skipping kopeterc:KopeteChatWindowIndividualMode:Width 1600, already exists.
2016-09-14T09:40:18 kopete-jabberpriorityaddition-kconf_update.upd: Skipping kopeterc:KopeteChatWindowIndividualMode:Width 1900, already exists.
2016-09-14T09:40:18 kopete-jabberpriorityaddition-kconf_update.upd: Skipping kopeterc:KopeteChatWindowIndividualMode:Width 800, already exists.
2016-09-14T09:40:18 Checking update-file '/usr/share/kde4/apps/kconf_update/audiocd.upd' for new updates
2016-09-14T09:40:18 audiocd.upd: Found new update '1'
2016-09-14T09:40:18 audiocd.upd: File 'kcmaudiocdrc' does not exist or empty, skipping
2016-09-14T09:40:18 Checking update-file '/usr/share/kde4/apps/kconf_update/kwin.upd' for new updates
2016-09-14T09:40:18 kwin.upd: Found new update 'kde3.0r1'
2016-09-14T09:40:18 kwin.upd: Running script 'pluginlibFix.pl'
2016-09-14T09:40:18 kwin.upd: Updating kwinrc:Compositing:Enabled to 'false'
2016-09-14T09:40:18 kwin.upd: Updating kwinrc:Windows:AutoRaise to 'off'
2016-09-14T09:40:18 kwin.upd: Updating kwinrc:Windows:AutoRaiseInterval to '0'
2016-09-14T09:40:18 kwin.upd: Updating kwinrc:Windows:BorderSnapZone to '10'
2016-09-14T09:40:18 kwin.upd: Updating kwinrc:Windows:ClickRaise to 'on'
2016-09-14T09:40:18 kwin.upd: Updating kwinrc:Windows:FocusPolicy to 'ClickToFocus'
2016-09-14T09:40:18 kwin.upd: Updating kwinrc:Windows:MoveMode to 'Opaque'
2016-09-14T09:40:18 kwin.upd: Updating kwinrc:Windows:ResizeMode to 'Opaque'
2016-09-14T09:40:18 kwin.upd: Updating kwinrc:Windows:WindowSnapZone to '10'
2016-09-14T09:40:18 kwin.upd: Updating kwinrc:Windows:WindowsPlacement to 'Smart'
2016-09-14T09:40:18 kwin.upd: Updating kwinrc:Style:PluginLib to 'kwin3_oxygen'
2016-09-14T09:40:18 kwin.upd: Updating kwinrc:Style:ShowToolTips to 'true'
2016-09-14T09:40:18 kwin.upd: Found new update 'kde3.2Xinerama'
2016-09-14T09:40:18 Checking update-file '/usr/share/kde4/apps/kconf_update/krdb.upd' for new updates
2016-09-14T09:40:18 krdb.upd: Found new update 'LibraryPathNeedsANewStart'
2016-09-14T09:40:18 krdb.upd: Running script 'krdb_clearlibrarypath'
2016-09-14T09:40:18 Checking update-file '/usr/share/kde4/apps/kconf_update/kmail.upd' for new updates
2016-09-14T09:40:18 kmail.upd: Found new update '1'
2016-09-14T09:40:18 kmail.upd: File 'kmailrc' does not exist or empty, skipping
2016-09-14T09:40:18 kmail.upd: Found new update '4'
2016-09-14T09:40:18 kmail.upd: File 'kmailrc' does not exist or empty, skipping
2016-09-14T09:40:18 kmail.upd: Found new update '5'
2016-09-14T09:40:18 kmail.upd: File 'kmailrc' does not exist or empty, skipping
2016-09-14T09:40:18 kmail.upd: File 'kpgprc' does not exist or empty, skipping
2016-09-14T09:40:18 kmail.upd: Found new update '6'
2016-09-14T09:40:18 kmail.upd: File 'kmailrc' does not exist or empty, skipping
2016-09-14T09:40:18 kmail.upd: Found new update '7'
2016-09-14T09:40:18 kmail.upd: File 'kmailrc' does not exist or empty, skipping
2016-09-14T09:40:18 kmail.upd: Found new update '8'
2016-09-14T09:40:18 kmail.upd: File 'kmailrc' does not exist or empty, skipping
2016-09-14T09:40:18 kmail.upd: Found new update '9'
2016-09-14T09:40:18 kmail.upd: File 'kmailrc' does not exist or empty, skipping
2016-09-14T09:40:18 kmail.upd: Found new update '3.1-update-identities'
2016-09-14T09:40:18 kmail.upd: File 'kmailrc' does not exist or empty, skipping
2016-09-14T09:40:18 kmail.upd: Found new update '3.1-use-identity-uoids'
2016-09-14T09:40:18 kmail.upd: File 'kmailrc' does not exist or empty, skipping
2016-09-14T09:40:18 kmail.upd: Found new update '3.1-new-mail-notification'
2016-09-14T09:40:18 kmail.upd: File 'kmailrc' does not exist or empty, skipping
2016-09-14T09:40:18 kmail.upd: Found new update '3.2-update-loop-on-goto-unread-settings'
2016-09-14T09:40:18 kmail.upd: File 'kmailrc' does not exist or empty, skipping
2016-09-14T09:40:18 kmail.upd: Found new update '3.1.4-dont-use-UOID-0-for-any-identity'
2016-09-14T09:40:18 kmail.upd: File 'kmailrc' does not exist or empty, skipping
2016-09-14T09:40:18 kmail.upd: Found new update '3.2-misc'
2016-09-14T09:40:18 kmail.upd: File 'kmailrc' does not exist or empty, skipping
2016-09-14T09:40:18 kmail.upd: Found new update '3.2-moves'
2016-09-14T09:40:18 kmail.upd: File 'kmailrc' does not exist or empty, skipping
2016-09-14T09:40:18 kmail.upd: Found new update '3.3-use-ID-for-accounts'
2016-09-14T09:40:18 kmail.upd: File 'kmailrc' does not exist or empty, skipping
2016-09-14T09:40:19 kmail.upd: Found new update '3.3-update-filter-rules'
2016-09-14T09:40:19 kmail.upd: File 'kmailrc' does not exist or empty, skipping
2016-09-14T09:40:19 kmail.upd: Found new update '3.3-move-identities-to-own-file'
2016-09-14T09:40:19 kmail.upd: File 'kmailrc' does not exist or empty, skipping
2016-09-14T09:40:19 kmail.upd: Found new update '3.3-aegypten-kpgprc-to-kmailrc'
2016-09-14T09:40:19 kmail.upd: File 'kpgprc' does not exist or empty, skipping
2016-09-14T09:40:19 kmail.upd: Found new update '3.3-aegypten-kpgprc-to-libkleopatrarc'
2016-09-14T09:40:19 kmail.upd: File 'kpgprc' does not exist or empty, skipping
2016-09-14T09:40:19 kmail.upd: Found new update '3.3-aegypten-emailidentities-split-sign-encr-keys'
2016-09-14T09:40:19 kmail.upd: File 'emailidentities' does not exist or empty, skipping
2016-09-14T09:40:19 kmail.upd: Found new update '3.3-misc'
2016-09-14T09:40:19 kmail.upd: File 'kmailrc' does not exist or empty, skipping
2016-09-14T09:40:19 kmail.upd: Found new update '3.3b1-misc'
2016-09-14T09:40:19 kmail.upd: File 'kmailrc' does not exist or empty, skipping
2016-09-14T09:40:19 kmail.upd: Found new update '3.4'
2016-09-14T09:40:19 kmail.upd: File 'kmailrc' does not exist or empty, skipping
2016-09-14T09:40:19 kmail.upd: Found new update '3.4a'
2016-09-14T09:40:19 kmail.upd: File 'kmailrc' does not exist or empty, skipping
2016-09-14T09:40:19 kmail.upd: Found new update '3.4b'
2016-09-14T09:40:19 kmail.upd: File 'kmailrc' does not exist or empty, skipping
2016-09-14T09:40:19 kmail.upd: Found new update '3.4.1'
2016-09-14T09:40:19 kmail.upd: File 'kmailrc' does not exist or empty, skipping
2016-09-14T09:40:19 kmail.upd: Found new update '3.5.4'
2016-09-14T09:40:19 kmail.upd: File 'kmailrc' does not exist or empty, skipping
2016-09-14T09:40:19 kmail.upd: Found new update '3.5.7-imap-flag-migration'
2016-09-14T09:40:19 kmail.upd: File 'kmailrc' does not exist or empty, skipping
2016-09-14T09:40:19 kmail.upd: Found new update '4.0-misc'
2016-09-14T09:40:19 kmail.upd: File 'kmailrc' does not exist or empty, skipping
2016-09-14T09:40:19 kmail.upd: Found new update '4.2'
2016-09-14T09:40:19 kmail.upd: File 'kmailrc' does not exist or empty, skipping
2016-09-14T09:40:19 Checking update-file '/usr/share/kde4/apps/kconf_update/plasma-to-plasmadesktop-shortcuts.upd' for new updates
2016-09-14T09:40:19 plasma-to-plasmadesktop-shortcuts.upd: Found new update '4.3plasma-desktop-shortcuts'
2016-09-14T09:40:19 plasma-to-plasmadesktop-shortcuts.upd: File 'kglobalshortcutsrc' does not exist or empty, skipping
2016-09-14T09:40:19 Checking update-file '/usr/share/kde4/apps/kconf_update/klipper-kconfigxt.upd' for new updates
2016-09-14T09:40:19 klipper-kconfigxt.upd: Found new update 'KlipperNoSpacesInKeyNames'
2016-09-14T09:40:19 klipper-kconfigxt.upd: File 'klipperrc' does not exist or empty, skipping
2016-09-14T09:40:19 Checking update-file '/usr/share/kde4/apps/kconf_update/kio_help.upd' for new updates
2016-09-14T09:40:19 kio_help.upd: Found new update 'kde3_2'
2016-09-14T09:40:19 kio_help.upd: Running script 'move_kio_help_cache.sh'
2016-09-14T09:40:19 [Script] mv: cannot stat `/u/d/cheny257/.kde/share/apps/kio_help/cache': No such file or directory
2016-09-14T09:40:19 [Script] rmdir: failed to remove `/u/d/cheny257/.kde/share/apps/kio_help': No such file or directory
2016-09-14T09:40:19 Checking update-file '/usr/share/kde4/apps/kconf_update/kwin_focus2.upd' for new updates
2016-09-14T09:40:19 kwin_focus2.upd: Found new update 'kwin_focus2'
2016-09-14T09:40:19 kwin_focus2.upd: Running script 'kwin_focus2.sh'
2016-09-14T09:40:19 Checking update-file '/usr/share/kde4/apps/kconf_update/cervisia.upd' for new updates
2016-09-14T09:40:19 cervisia.upd: Found new update 'kde3.2/20021228'
2016-09-14T09:40:19 cervisia.upd: File 'cervisiapartrc' does not exist or empty, skipping
2016-09-14T09:40:19 cervisia.upd: Found new update 'kde3.2/20021229'
2016-09-14T09:40:19 cervisia.upd: File 'cervisiapartrc' does not exist or empty, skipping
2016-09-14T09:40:19 cervisia.upd: Found new update 'kde3.2/20030116'
2016-09-14T09:40:19 cervisia.upd: File 'cervisiapartrc' does not exist or empty, skipping
2016-09-14T09:40:19 cervisia.upd: File 'cervisiarc' does not exist or empty, skipping
2016-09-14T09:40:19 cervisia.upd: Found new update 'kde3.2/20030117'
2016-09-14T09:40:19 cervisia.upd: File 'cervisiapartrc' does not exist or empty, skipping
2016-09-14T09:40:19 cervisia.upd: Found new update 'kde3.2/20030118'
2016-09-14T09:40:19 cervisia.upd: File 'cervisiapartrc' does not exist or empty, skipping
2016-09-14T09:40:19 cervisia.upd: Skipping update 'kde3.2/20030118'
2016-09-14T09:40:19 cervisia.upd: File 'cervisiapartrc' does not exist or empty, skipping
2016-09-14T09:40:19 cervisia.upd: Found new update 'kde3.2/20030205'
2016-09-14T09:40:19 cervisia.upd: File 'cervisiapartrc' does not exist or empty, skipping
2016-09-14T09:40:19 cervisia.upd: Found new update 'kde3.2/20030210'
2016-09-14T09:40:19 cervisia.upd: File 'cervisiapartrc' does not exist or empty, skipping
2016-09-14T09:40:19 cervisia.upd: Found new update 'kde3.2/20030211'
2016-09-14T09:40:19 cervisia.upd: File 'cervisiapartrc' does not exist or empty, skipping
2016-09-14T09:40:19 cervisia.upd: Found new update 'kde3.2/20030212'
2016-09-14T09:40:19 cervisia.upd: File 'cervisiapartrc' does not exist or empty, skipping
2016-09-14T09:40:19 cervisia.upd: Found new update 'kde3.2/20030216'
2016-09-14T09:40:19 cervisia.upd: File 'cervisiapartrc' does not exist or empty, skipping
2016-09-14T09:40:19 cervisia.upd: Found new update 'kde3.2/20030725'
2016-09-14T09:40:19 cervisia.upd: File 'cervisiapartrc' does not exist or empty, skipping
2016-09-14T09:40:19 cervisia.upd: Found new update 'kde3.2/20030730'
2016-09-14T09:40:19 cervisia.upd: File 'cervisiapartrc' does not exist or empty, skipping
2016-09-14T09:40:19 cervisia.upd: Found new update 'kde3.2/20030829'
2016-09-14T09:40:19 cervisia.upd: File 'cervisiapartrc' does not exist or empty, skipping
2016-09-14T09:40:19 cervisia.upd: Found new update 'kde3.2/20031014'
2016-09-14T09:40:19 cervisia.upd: File 'cervisiapartrc' does not exist or empty, skipping
2016-09-14T09:40:19 cervisia.upd: Found new update 'kde3.4/20041112'
2016-09-14T09:40:19 cervisia.upd: File 'cvsservicerc' does not exist or empty, skipping
2016-09-14T09:40:19 cervisia.upd: Found new update 'kde3.4/20041207'
2016-09-14T09:40:19 cervisia.upd: File 'cervisiapartrc' does not exist or empty, skipping
2016-09-14T09:40:19 Checking update-file '/usr/share/kde4/apps/kconf_update/kalarm.upd' for new updates
2016-09-14T09:40:19 kalarm.upd: Found new update '1.9.5'
2016-09-14T09:40:19 kalarm.upd: File 'kalarmrc' does not exist or empty, skipping
2016-09-14T09:40:19 kalarm.upd: Found new update '1.9.9'
2016-09-14T09:40:19 kalarm.upd: File 'kalarmrc' does not exist or empty, skipping
2016-09-14T09:40:19 kalarm.upd: Found new update '1.9.12'
2016-09-14T09:40:19 kalarm.upd: File 'kalarmrc' does not exist or empty, skipping
2016-09-14T09:40:19 kalarm.upd: Found new update '2.0.0'
2016-09-14T09:40:19 kalarm.upd: File 'kalarmrc' does not exist or empty, skipping
2016-09-14T09:40:19 kalarm.upd: Found new update '2.0.2'
2016-09-14T09:40:19 kalarm.upd: File 'kalarmrc' does not exist or empty, skipping
2016-09-14T09:40:19 kalarm.upd: Found new update '2.1.5'
2016-09-14T09:40:19 kalarm.upd: File 'kalarmrc' does not exist or empty, skipping
2016-09-14T09:40:19 Checking update-file '/usr/share/kde4/apps/kconf_update/plasma-add-shortcut-to-menu.upd' for new updates
2016-09-14T09:40:19 plasma-add-shortcut-to-menu.upd: Found new update '4.1LauncherShortcut'
2016-09-14T09:40:19 plasma-add-shortcut-to-menu.upd: !! Script 'plasma-add-shortcut-to-menu-update' not found in line 2 : 'Script=plasma-add-shortcut-to-menu-update'
2016-09-14T09:40:19 Checking update-file '/usr/share/kde4/apps/kconf_update/kcalcrc.upd' for new updates
2016-09-14T09:40:19 kcalcrc.upd: Found new update 'KDE_3_2_0'
2016-09-14T09:40:19 kcalcrc.upd: File 'kcalcrc' does not exist or empty, skipping
2016-09-14T09:40:19 kcalcrc.upd: Found new update 'KDE_4_3_0'
2016-09-14T09:40:19 kcalcrc.upd: File 'kcalcrc' does not exist or empty, skipping
2016-09-14T09:40:19 Checking update-file '/usr/share/kde4/apps/kconf_update/kwinsticky.upd' for new updates
2016-09-14T09:40:19 kwinsticky.upd: Found new update 'stickyupd3.1'
2016-09-14T09:40:19 kwinsticky.upd: File 'kwin.eventsrc' does not exist or empty, skipping
2016-09-14T09:40:19 Checking update-file '/usr/share/kde4/apps/kconf_update/kopete-gaim_to_pidgin_style.upd' for new updates
2016-09-14T09:40:19 kopete-gaim_to_pidgin_style.upd: Found new update 'kopete0.70.85/r1'
2016-09-14T09:40:19 kopete-gaim_to_pidgin_style.upd: Running script 'kopete-gaim_to_pidgin_style.pl'
2016-09-14T09:40:20 Checking update-file '/usr/share/kde4/apps/kconf_update/kwinupdatewindowsettings.upd' for new updates
2016-09-14T09:40:20 kwinupdatewindowsettings.upd: Found new update 'kde33b1'
2016-09-14T09:40:20 kwinupdatewindowsettings.upd: Running script 'kwin_update_window_settings'
2016-09-14T09:40:20 Checking update-file '/usr/share/kde4/apps/kconf_update/kded.upd' for new updates
2016-09-14T09:40:20 kded.upd: Found new update 'kde3.0'
2016-09-14T09:40:20 kded.upd: File 'kdedrc' does not exist or empty, skipping
2016-09-14T09:40:20 Checking update-file '/usr/share/kde4/apps/kconf_update/kaccel.upd' for new updates
2016-09-14T09:40:20 kaccel.upd: Found new update 'kde3.3/r1'
2016-09-14T09:40:20 kaccel.upd: Running script 'convertShortcuts.pl'
2016-09-14T09:40:20 Checking update-file '/usr/share/kde4/apps/kconf_update/kpilot.upd' for new updates
2016-09-14T09:40:20 kpilot.upd: Found new update 'kdepim_3.3'
2016-09-14T09:40:20 kpilot.upd: File 'kpilotrc' does not exist or empty, skipping
2016-09-14T09:40:20 kpilot.upd: Found new update 'kdepim_3.3_SplitConfig'
2016-09-14T09:40:20 kpilot.upd: File 'kpilotrc' does not exist or empty, skipping
2016-09-14T09:40:20 kpilot.upd: Skipping update 'kdepim_3.3_SplitConfig'
2016-09-14T09:40:20 kpilot.upd: File 'kpilotrc' does not exist or empty, skipping
2016-09-14T09:40:20 Checking update-file '/usr/share/kde4/apps/kconf_update/plasmarc-to-plasmadesktoprc.upd' for new updates
2016-09-14T09:40:20 plasmarc-to-plasmadesktoprc.upd: Found new update '4.3plasma-desktop'
2016-09-14T09:40:20 plasmarc-to-plasmadesktoprc.upd: Running script 'plasma-to-plasma-desktop'
2016-09-14T09:40:20 Checking update-file '/usr/share/kde4/apps/kconf_update/kfmclient_3_2.upd' for new updates
2016-09-14T09:40:20 kfmclient_3_2.upd: Found new update 'kfmclient_3_2'
2016-09-14T09:40:20 kfmclient_3_2.upd: File 'kfmclientrc' does not exist or empty, skipping
2016-09-14T09:40:20 Checking update-file '/usr/share/kde4/apps/kconf_update/kopete-nameTracking.upd' for new updates
2016-09-14T09:40:20 kopete-nameTracking.upd: Found new update 'kopete0.9/r1'
2016-09-14T09:40:20 kopete-nameTracking.upd: !! Script 'kopete-nameTracking-kconf_update' not found in line 3 : 'Script=kopete-nameTracking-kconf_update'
2016-09-14T09:40:20 Checking update-file '/usr/share/kde4/apps/kconf_update/kuriikwsfilter.upd' for new updates
2016-09-14T09:40:20 kuriikwsfilter.upd: Found new update 'post-kde3.1/cvs'
2016-09-14T09:40:20 kuriikwsfilter.upd: File 'kuriikwsfilterrc' does not exist or empty, skipping
2016-09-14T09:40:20 Checking update-file '/usr/share/kde4/apps/kconf_update/kolab-resource.upd' for new updates
2016-09-14T09:40:20 kolab-resource.upd: Found new update 'kolab-calendar-resource-rename'
2016-09-14T09:40:20 kolab-resource.upd: File 'kresources/calendar/stdrc' does not exist or empty, skipping
2016-09-14T09:40:20 kolab-resource.upd: Found new update 'kolab-contact-resource-rename'
2016-09-14T09:40:20 kolab-resource.upd: File 'kresources/contact/stdrc' does not exist or empty, skipping
2016-09-14T09:40:20 kolab-resource.upd: Found new update 'kolab-notes-resource-rename'
2016-09-14T09:40:20 kolab-resource.upd: File 'kresources/notes/stdrc' does not exist or empty, skipping
2016-09-14T09:40:20 Checking update-file '/usr/share/kde4/apps/kconf_update/kcharselect.upd' for new updates
2016-09-14T09:40:20 kcharselect.upd: Found new update '1'
2016-09-14T09:40:20 kcharselect.upd: File 'kcharselectrc' does not exist or empty, skipping
2016-09-14T09:40:20 Checking update-file '/usr/share/kde4/apps/kconf_update/korganizer.upd' for new updates
2016-09-14T09:40:20 korganizer.upd: Found new update 'korganizer_3.4_GroupwareCleanup'
2016-09-14T09:40:20 korganizer.upd: File 'korganizerrc' does not exist or empty, skipping
2016-09-14T09:40:20 korganizer.upd: Found new update 'korganizer_3.4_WebExport'
2016-09-14T09:40:20 korganizer.upd: File 'korganizerrc' does not exist or empty, skipping
2016-09-14T09:40:20 korganizer.upd: Found new update 'korganizer_3.4_FilterAction'
2016-09-14T09:40:20 korganizer.upd: File 'korganizerrc' does not exist or empty, skipping
2016-09-14T09:40:20 korganizer.upd: Found new update 'korganizer_3.4_HolidayPlugin'
2016-09-14T09:40:20 korganizer.upd: File 'korganizerrc' does not exist or empty, skipping
2016-09-14T09:40:20 korganizer.upd: Found new update 'korganizer_4.3_ShowTodos'
2016-09-14T09:40:20 korganizer.upd: File 'korganizerrc' does not exist or empty, skipping
2016-09-14T09:40:20 Checking update-file '/usr/share/kde4/apps/kconf_update/kopete-account-kconf_update.upd' for new updates
2016-09-14T09:40:20 kopete-account-kconf_update.upd: Found new update 'kopete0.7/r1'
2016-09-14T09:40:20 kopete-account-kconf_update.upd: Running script 'kopete-account-kconf_update.sh'
2016-09-14T09:40:20 kopete-account-kconf_update.upd: Found new update 'kopete0.10/r1'
2016-09-14T09:40:20 kopete-account-kconf_update.upd: Running script 'kopete-account-0.10.pl'
2016-09-14T09:40:20 Checking update-file '/usr/share/kde4/apps/kconf_update/kwin_focus1.upd' for new updates
2016-09-14T09:40:20 kwin_focus1.upd: Found new update 'kwin_focus1'
2016-09-14T09:40:20 kwin_focus1.upd: Running script 'kwin_focus1.sh'
2016-09-14T09:40:20 Checking update-file '/usr/share/kde4/apps/kconf_update/kioslave.upd' for new updates
2016-09-14T09:40:20 kioslave.upd: Found new update 'kde2.2/r1'
2016-09-14T09:40:20 kioslave.upd: File 'kioslaverc' does not exist or empty, skipping
2016-09-14T09:40:20 kioslave.upd: Skipping update 'kde2.2/r1'
2016-09-14T09:40:20 kioslave.upd: File 'kioslaverc' does not exist or empty, skipping
2016-09-14T09:40:20 kioslave.upd: Found new update 'kde2.2/r2'
2016-09-14T09:40:20 kioslave.upd: File 'kioslaverc' does not exist or empty, skipping
2016-09-14T09:40:20 kioslave.upd: Found new update 'kde2.2/r3'
2016-09-14T09:40:20 kioslave.upd: File 'kioslaverc' does not exist or empty, skipping
2016-09-14T09:40:20 Checking update-file '/usr/share/kde4/apps/kconf_update/kate-2.4.upd' for new updates
2016-09-14T09:40:20 kate-2.4.upd: Found new update 'kate2.4'
2016-09-14T09:40:20 Checking update-file '/usr/share/kde4/apps/kconf_update/favicons.upd' for new updates
2016-09-14T09:40:20 favicons.upd: Found new update 'kde3_2'
2016-09-14T09:40:20 favicons.upd: Running script 'move_favicons.sh'
2016-09-14T09:40:20 Checking update-file '/usr/share/kde4/apps/kconf_update/kpgp.upd' for new updates
2016-09-14T09:40:20 kpgp.upd: Found new update 'preKDE3_a'
2016-09-14T09:40:20 kpgp.upd: File 'kpgprc' does not exist or empty, skipping
2016-09-14T09:40:20 kpgp.upd: Found new update '3.1-1'
2016-09-14T09:40:20 kpgp.upd: File 'kpgprc' does not exist or empty, skipping
2016-09-14T09:40:20 Checking update-file '/usr/share/kde4/apps/kconf_update/ksslcertificatemanager.upd' for new updates
2016-09-14T09:40:20 ksslcertificatemanager.upd: Found new update 'kde4.2'
2016-09-14T09:40:20 ksslcertificatemanager.upd: Running script 'ksslcertificatemanager.upd.sh'
2016-09-14T09:40:20 [Script] rm: cannot remove `/u/d/cheny257/.kde//share/config/ksslcertificatemanager': No such file or directory
2016-09-14T09:40:20 ksslcertificatemanager.upd: !! An error occurred while running 'sh /usr/share/kde4/apps/kconf_update/ksslcertificatemanager.upd.sh'
2016-09-14T09:40:21 Checking update-file '/usr/share/kde4/apps/kconf_update/kopete-pluginloader2.upd' for new updates
2016-09-14T09:40:21 kopete-pluginloader2.upd: Found new update 'kopete0.8/r1'
2016-09-14T09:40:21 kopete-pluginloader2.upd: Running script 'kopete-pluginloader2.sh'
2016-10-19T10:22:04 Checking update-file '/usr/share/kde4/apps/kconf_update/kaccel.upd' for new updates
2016-10-19T10:22:04 Checking update-file '/usr/share/kde4/apps/kconf_update/kopete-update_yahoo_server.upd' for new updates
2016-10-19T10:22:04 Checking update-file '/usr/share/kde4/apps/kconf_update/kcharselect.upd' for new updates
2016-10-19T10:22:04 Checking update-file '/usr/share/kde4/apps/kconf_update/krdb.upd' for new updates
2016-10-19T10:22:04 Checking update-file '/usr/share/kde4/apps/kconf_update/klipper-kconfigxt.upd' for new updates
2016-10-19T10:22:04 Checking update-file '/usr/share/kde4/apps/kconf_update/kwiniconify.upd' for new updates
2016-10-19T10:22:04 Checking update-file '/usr/share/kde4/apps/kconf_update/kded.upd' for new updates
2016-10-19T10:22:04 Checking update-file '/usr/share/kde4/apps/kconf_update/kopete-jabberpriorityaddition-kconf_update.upd' for new updates
2016-10-19T10:22:04 Checking update-file '/usr/share/kde4/apps/kconf_update/kopete-account-kconf_update.upd' for new updates
2016-10-19T10:22:04 Checking update-file '/usr/share/kde4/apps/kconf_update/plasma_popupapplet_fix_groups.upd' for new updates
2016-10-19T10:22:04 Checking update-file '/usr/share/kde4/apps/kconf_update/kwinsticky.upd' for new updates
2016-10-19T10:22:04 Checking update-file '/usr/share/kde4/apps/kconf_update/cervisia.upd' for new updates
2016-10-19T10:22:04 cervisia.upd: Found new update 'kde3.2/20030118'
2016-10-19T10:22:04 cervisia.upd: Skipping update 'kde3.2/20030118'
2016-10-19T10:22:04 cervisia.upd: File 'cervisiapartrc' does not exist or empty, skipping
2016-10-19T10:22:04 Checking update-file '/usr/share/kde4/apps/kconf_update/konqsidebartng.upd' for new updates
2016-10-19T10:22:04 Checking update-file '/usr/share/kde4/apps/kconf_update/ksslcertificatemanager.upd' for new updates
2016-10-19T10:22:04 Checking update-file '/usr/share/kde4/apps/kconf_update/kwin_fsp_workarounds_1.upd' for new updates
2016-10-19T10:22:04 Checking update-file '/usr/share/kde4/apps/kconf_update/kwin_focus2.upd' for new updates
2016-10-19T10:22:04 Checking update-file '/usr/share/kde4/apps/kconf_update/kwinupdatewindowsettings.upd' for new updates
2016-10-19T10:22:04 Checking update-file '/usr/share/kde4/apps/kconf_update/kopete-jabberproxytype-kconf_update.upd' for new updates
2016-10-19T10:22:04 Checking update-file '/usr/share/kde4/apps/kconf_update/audiocd.upd' for new updates
2016-10-19T10:22:04 Checking update-file '/usr/share/kde4/apps/kconf_update/plasmarc-to-plasmadesktoprc.upd' for new updates
2016-10-19T10:22:04 Checking update-file '/usr/share/kde4/apps/kconf_update/mailtransports.upd' for new updates
2016-10-19T10:22:04 Checking update-file '/usr/share/kde4/apps/kconf_update/mouse_cursor_theme.upd' for new updates
2016-10-19T10:22:04 Checking update-file '/usr/share/kde4/apps/kconf_update/kwin3_plugin.upd' for new updates
2016-10-19T10:22:04 Checking update-file '/usr/share/kde4/apps/kconf_update/kcmcddb-emailsettings.upd' for new updates
2016-10-19T10:22:04 Checking update-file '/usr/share/kde4/apps/kconf_update/kpgp.upd' for new updates
2016-10-19T10:22:04 Checking update-file '/usr/share/kde4/apps/kconf_update/kcmdisplayrc.upd' for new updates
2016-10-19T10:22:04 Checking update-file '/usr/share/kde4/apps/kconf_update/kalarm.upd' for new updates
2016-10-19T10:22:04 Checking update-file '/usr/share/kde4/apps/kconf_update/kcalcrc.upd' for new updates
2016-10-19T10:22:04 Checking update-file '/usr/share/kde4/apps/kconf_update/korganizer.upd' for new updates
2016-10-19T10:22:04 Checking update-file '/usr/share/kde4/apps/kconf_update/kwin.upd' for new updates
2016-10-19T10:22:04 Checking update-file '/usr/share/kde4/apps/kconf_update/kopete-pluginloader2.upd' for new updates
2016-10-19T10:22:04 Checking update-file '/usr/share/kde4/apps/kconf_update/kcookiescfg.upd' for new updates
2016-10-19T10:22:04 Checking update-file '/usr/share/kde4/apps/kconf_update/kwin_focus1.upd' for new updates
2016-10-19T10:22:04 Checking update-file '/usr/share/kde4/apps/kconf_update/plasma-add-shortcut-to-menu.upd' for new updates
2016-10-19T10:22:04 plasma-add-shortcut-to-menu.upd: Found new update '4.1LauncherShortcut'
2016-10-19T10:22:04 plasma-add-shortcut-to-menu.upd: !! Script 'plasma-add-shortcut-to-menu-update' not found in line 2 : 'Script=plasma-add-shortcut-to-menu-update'
2016-10-19T10:22:04 Checking update-file '/usr/share/kde4/apps/kconf_update/kwin_window_shortcuts.upd' for new updates
2016-10-19T10:22:04 Checking update-file '/usr/share/kde4/apps/kconf_update/kopete-pluginloader.upd' for new updates
2016-10-19T10:22:04 Checking update-file '/usr/share/kde4/apps/kconf_update/kolab-resource.upd' for new updates
2016-10-19T10:22:04 Checking update-file '/usr/share/kde4/apps/kconf_update/kfmclient_3_2.upd' for new updates
2016-10-19T10:22:04 Checking update-file '/usr/share/kde4/apps/kconf_update/kopete-gaim_to_pidgin_style.upd' for new updates
2016-10-19T10:22:04 Checking update-file '/usr/share/kde4/apps/kconf_update/kate-2.4.upd' for new updates
2016-10-19T10:22:04 Checking update-file '/usr/share/kde4/apps/kconf_update/kpat_update_cardwidth.upd' for new updates
2016-10-19T10:22:04 Checking update-file '/usr/share/kde4/apps/kconf_update/kopete-initialstatus.upd' for new updates
2016-10-19T10:22:04 Checking update-file '/usr/share/kde4/apps/kconf_update/kwin_on_off.upd' for new updates
2016-10-19T10:22:04 Checking update-file '/usr/share/kde4/apps/kconf_update/plasma-to-plasmadesktop-shortcuts.upd' for new updates
2016-10-19T10:22:04 Checking update-file '/usr/share/kde4/apps/kconf_update/kio_help.upd' for new updates
2016-10-19T10:22:04 Checking update-file '/usr/share/kde4/apps/kconf_update/kpilot.upd' for new updates
2016-10-19T10:22:04 kpilot.upd: Found new update 'kdepim_3.3_SplitConfig'
2016-10-19T10:22:04 kpilot.upd: Skipping update 'kdepim_3.3_SplitConfig'
2016-10-19T10:22:04 kpilot.upd: File 'kpilotrc' does not exist or empty, skipping
2016-10-19T10:22:04 Checking update-file '/usr/share/kde4/apps/kconf_update/favicons.upd' for new updates
2016-10-19T10:22:04 Checking update-file '/usr/share/kde4/apps/kconf_update/devicepreference.upd' for new updates
2016-10-19T10:22:04 Checking update-file '/usr/share/kde4/apps/kconf_update/kmail.upd' for new updates
2016-10-19T10:22:04 Checking update-file '/usr/share/kde4/apps/kconf_update/kuriikwsfilter.upd' for new updates
2016-10-19T10:22:04 Checking update-file '/usr/share/kde4/apps/kconf_update/kioslave.upd' for new updates
2016-10-19T10:22:04 kioslave.upd: Found new update 'kde2.2/r1'
2016-10-19T10:22:04 kioslave.upd: Skipping update 'kde2.2/r1'
2016-10-19T10:22:04 kioslave.upd: File 'kioslaverc' does not exist or empty, skipping
2016-10-19T10:22:04 Checking update-file '/usr/share/kde4/apps/kconf_update/ksmserver.upd' for new updates
2016-10-19T10:22:04 Checking update-file '/usr/share/kde4/apps/kconf_update/kopete-nameTracking.upd' for new updates
2016-10-19T10:22:04 kopete-nameTracking.upd: Found new update 'kopete0.9/r1'
2016-10-19T10:22:04 kopete-nameTracking.upd: Skipping update 'kopete0.9/r1'
